2023-12-22 14:38:56,812 - 123 - DEBUG - image views set up
2023-12-22 14:38:56,812 - 123 - DEBUG - image views set up
2023-12-22 14:38:56,812 - 123 - DEBUG - image views set up
2023-12-22 14:38:56,812 - 123 - DEBUG - image views set up
2023-12-22 14:38:56,813 - 123 - DEBUG - image views set up
2023-12-22 14:38:56,813 - 123 - DEBUG - image views set up
2023-12-22 14:49:58,031 - 123 - DEBUG - image views set up
2023-12-22 14:49:58,031 - 123 - DEBUG - image views set up
2023-12-22 14:49:58,032 - 123 - DEBUG - image views set up
2023-12-22 14:49:58,032 - 123 - DEBUG - image views set up
2023-12-22 14:49:58,032 - 123 - DEBUG - image views set up
2023-12-22 14:49:58,033 - 123 - DEBUG - image views set up
2023-12-22 14:50:03,786 - 113 - DEBUG - Loading image with ID 0.
2023-12-22 14:50:07,537 - 113 - DEBUG - Loading image with ID 1.
2023-12-22 14:50:07,540 - 113 - DEBUG - Loading image with ID 1.
2023-12-22 14:50:12,023 - 113 - DEBUG - Loading image with ID 2.
2023-12-22 14:50:12,026 - 113 - DEBUG - Loading image with ID 2.
2023-12-22 14:50:12,028 - 113 - DEBUG - Loading image with ID 2.
2023-12-22 14:50:14,644 - 113 - DEBUG - Loading image with ID 3.
2023-12-22 14:50:14,646 - 113 - DEBUG - Loading image with ID 3.
2023-12-22 14:50:14,648 - 113 - DEBUG - Loading image with ID 3.
2023-12-22 14:50:14,650 - 113 - DEBUG - Loading image with ID 3.
2023-12-22 14:50:24,914 - 141 - DEBUG - Ft components applied
2023-12-22 14:50:26,678 - 141 - DEBUG - Ft components applied
2023-12-22 14:50:29,795 - 141 - DEBUG - Ft components applied
2023-12-22 14:50:31,249 - 141 - DEBUG - Ft components applied
2023-12-22 14:50:40,850 - 179 - DEBUG - images mixed in magnitude and phase mode
2023-12-22 14:50:43,333 - 179 - DEBUG - images mixed in magnitude and phase mode
2023-12-22 14:50:44,433 - 179 - DEBUG - images mixed in magnitude and phase mode
2023-12-22 14:50:46,973 - 179 - DEBUG - images mixed in magnitude and phase mode
2023-12-22 14:50:49,602 - 179 - DEBUG - images mixed in magnitude and phase mode
2023-12-22 14:50:53,045 - 179 - DEBUG - images mixed in magnitude and phase mode
2023-12-22 14:50:55,996 - 191 - INFO - mixing is in Outer mode 
2023-12-22 14:50:56,002 - 179 - DEBUG - images mixed in magnitude and phase mode
2023-12-22 14:51:05,795 - 179 - DEBUG - images mixed in magnitude and phase mode
2023-12-22 14:51:07,630 - 179 - DEBUG - images mixed in magnitude and phase mode
